\BOOKMARK [0][]{chapter*.2}{Contents}{}% 1
\BOOKMARK [0][]{chapter*.3}{List of Figures}{}% 2
\BOOKMARK [0][]{chapter*.4}{List of Tables}{}% 3
\BOOKMARK [0][]{chapter*.5}{List of Abbreviations}{}% 4
\BOOKMARK [0][]{chapter.1}{1 Introduction}{}% 5
\BOOKMARK [1][-]{section.1.1}{1.1 Problem statement}{chapter.1}% 6
\BOOKMARK [1][-]{section.1.2}{1.2 Structure of the project}{chapter.1}% 7
\BOOKMARK [0][]{chapter.2}{2 Related work}{}% 8
\BOOKMARK [0][]{chapter.3}{3 Background}{}% 9
\BOOKMARK [1][-]{section.3.1}{3.1 Machine learning}{chapter.3}% 10
\BOOKMARK [2][-]{subsection.3.1.1}{3.1.1 Types}{section.3.1}% 11
\BOOKMARK [2][-]{subsection.3.1.2}{3.1.2 Features}{section.3.1}% 12
\BOOKMARK [1][-]{section.3.2}{3.2 The perceptron}{chapter.3}% 13
\BOOKMARK [1][-]{section.3.3}{3.3 Artificial Neural Networks}{chapter.3}% 14
\BOOKMARK [1][-]{section.3.4}{3.4 Training the neural network}{chapter.3}% 15
\BOOKMARK [2][-]{subsection.3.4.1}{3.4.1 Backpropagation}{section.3.4}% 16
\BOOKMARK [2][-]{subsection.3.4.2}{3.4.2 Gradient Descent}{section.3.4}% 17
\BOOKMARK [0][]{chapter.4}{4 Figures}{}% 18
\BOOKMARK [0][]{chapter.5}{5 Referencing}{}% 19
\BOOKMARK [0][]{chapter.6}{6 Subchapter}{}% 20
\BOOKMARK [1][-]{section.6.1}{6.1 sub 1}{chapter.6}% 21
\BOOKMARK [1][-]{section.6.2}{6.2 sub 2}{chapter.6}% 22
\BOOKMARK [2][-]{subsection.6.2.1}{6.2.1 sub 2.1}{section.6.2}% 23
\BOOKMARK [2][-]{subsection.6.2.2}{6.2.2 sub 2.2}{section.6.2}% 24
\BOOKMARK [0][]{chapter*.11}{Bibliography}{}% 25
