This is pdfTeX, Version 3.14159265-2.6-1.40.18 (TeX Live 2017) (preloaded format=pdflatex 2018.3.11)  20 SEP 2018 22:17
entering extended mode
 restricted \write18 enabled.
 file:line:error style messages enabled.
 %&-line parsing enabled.
**Template.tex
(./Template.tex
LaTeX2e <2017-04-15>
Babel <3.10> and hyphenation patterns for 84 language(s) loaded.
(/usr/local/texlive/2017/texmf-dist/tex/latex/koma-script/scrbook.cls
Document Class: scrbook 2017/04/13 v3.23 KOMA-Script document class (book)
(/usr/local/texlive/2017/texmf-dist/tex/latex/koma-script/scrkbase.sty
Package: scrkbase 2017/04/13 v3.23 KOMA-Script package (KOMA-Script-dependent b
asics and keyval usage)

(/usr/local/texlive/2017/texmf-dist/tex/latex/koma-script/scrbase.sty
Package: scrbase 2017/04/13 v3.23 KOMA-Script package (KOMA-Script-independent 
basics and keyval usage)

(/usr/local/texlive/2017/texmf-dist/tex/latex/graphics/keyval.sty
Package: keyval 2014/10/28 v1.15 key=value parser (DPC)
\KV@toks@=\toks14
)
(/usr/local/texlive/2017/texmf-dist/tex/latex/koma-script/scrlfile.sty
Package: scrlfile 2017/04/13 v3.23 KOMA-Script package (loading files)

Package scrlfile, 2017/04/13 v3.23 KOMA-Script package (loading files)
                  Copyright (C) Markus Kohm

))) (/usr/local/texlive/2017/texmf-dist/tex/latex/koma-script/tocbasic.sty
Package: tocbasic 2017/04/13 v3.23 KOMA-Script package (handling toc-files)
\scr@dte@tocline@numberwidth=\skip41
\scr@dte@tocline@numbox=\box26
)
Package tocbasic Info: omitting babel extension for `toc'
(tocbasic)             because of feature `nobabel' available
(tocbasic)             for `toc' on input line 133.
Package tocbasic Info: omitting babel extension for `lof'
(tocbasic)             because of feature `nobabel' available
(tocbasic)             for `lof' on input line 135.
Package tocbasic Info: omitting babel extension for `lot'
(tocbasic)             because of feature `nobabel' available
(tocbasic)             for `lot' on input line 136.
Package tocbasic Info: defining new hook before heading of `' on input line 160
8.
Package scrbook Info: You've used standard option `12pt'.
(scrbook)             This is correct!
(scrbook)             Internally I'm using `fontsize=12pt'.
(scrbook)             If you'd like to set the option with \KOMAoptions,
(scrbook)             you'd have to use `fontsize=12pt' there
(scrbook)             instead of `12pt', too.
Class scrbook Info: You've used standard option `oneside'.
(scrbook)           This is correct!
(scrbook)           Internally I'm using `twoside=false'.
(scrbook)           If you'd like to set the option with \KOMAoptions,
(scrbook)           you'd have to use `twoside=false' there
(scrbook)           instead of `oneside', too.
Class scrbook Info: File `scrsize12pt.clo' used to setup font sizes on input li
ne 2275.

(/usr/local/texlive/2017/texmf-dist/tex/latex/koma-script/scrsize12pt.clo
File: scrsize12pt.clo 2017/04/13 v3.23 KOMA-Script font size class option (12pt
)
)
(/usr/local/texlive/2017/texmf-dist/tex/latex/koma-script/typearea.sty
Package: typearea 2017/04/13 v3.23 KOMA-Script package (type area)
\ta@bcor=\skip42
\ta@div=\count79
Package typearea Info: You've used standard option `a4paper'.
(typearea)             This is correct!
(typearea)             Internally I'm using `paper=a4'.
(typearea)             If you'd like to set the option with \KOMAoptions,
(typearea)             you'd have to use `paper=a4' there
(typearea)             instead of `a4paper', too.
Package typearea Info: You've used standard option `oneside'.
(typearea)             This is correct!
(typearea)             Internally I'm using `twoside=false'.
(typearea)             If you'd like to set the option with \KOMAoptions,
(typearea)             you'd have to use `twoside=false' there
(typearea)             instead of `oneside', too.


Package typearea Warning: You've used obsolete option `BCOR1cm'.
(typearea)                Usage of this option indicates an old document
(typearea)                and changes compatibility level using
(typearea)                `BCOR=1cm,version=first,
(typearea)                enabledeprecatedfontcommands' that may result
(typearea)                in further warnings.
(typearea)                If you don't want this, you should simply
(typearea)                replace option `BCOR1cm' by `BCOR=1cm'.

Package typearea Info: Switching compatibility level to `first'.
\ta@hblk=\skip43
\ta@vblk=\skip44
\ta@temp=\skip45
\footheight=\skip46
Package typearea Info: These are the values describing the layout:
(typearea)             DIV  = 12
(typearea)             BCOR = 28.45274pt
(typearea)             \paperwidth      = 597.50793pt
(typearea)              \textwidth      = 426.7914pt
(typearea)              DIV departure   = -1%
(typearea)              \evensidemargin = 27.31465pt
(typearea)              \oddsidemargin  = 27.31465pt
(typearea)             \paperheight     = 845.04694pt
(typearea)              \textheight     = 635.5pt
(typearea)              \topmargin      = -41.72441pt
(typearea)              \headheight     = 18.125pt
(typearea)              \headsep        = 21.75pt
(typearea)              \topskip        = 12.0pt
(typearea)              \footskip       = 50.75pt
(typearea)              \baselineskip   = 14.5pt
(typearea)              on input line 1647.
)
\c@part=\count80
\c@chapter=\count81
\c@section=\count82
\c@subsection=\count83
\c@subsubsection=\count84
\c@paragraph=\count85
\c@subparagraph=\count86
\scr@dte@part@maxnumwidth=\skip47
\scr@dte@chapter@maxnumwidth=\skip48
\scr@dte@section@maxnumwidth=\skip49
\scr@dte@subsection@maxnumwidth=\skip50
\scr@dte@subsubsection@maxnumwidth=\skip51
\scr@dte@paragraph@maxnumwidth=\skip52
\scr@dte@subparagraph@maxnumwidth=\skip53
LaTeX Info: Redefining \textsubscript on input line 4843.
\abovecaptionskip=\skip54
\belowcaptionskip=\skip55
\c@pti@nb@sid@b@x=\box27
\c@figure=\count87
\c@table=\count88
Class scrbook Info: Redefining `\numberline' on input line 6000.
\bibindent=\dimen102
) (/usr/local/texlive/2017/texmf-dist/tex/latex/graphics/graphicx.sty
Package: graphicx 2014/10/28 v1.0g Enhanced LaTeX Graphics (DPC,SPQR)

(/usr/local/texlive/2017/texmf-dist/tex/latex/graphics/graphics.sty
Package: graphics 2017/04/14 v1.1b Standard LaTeX Graphics (DPC,SPQR)

(/usr/local/texlive/2017/texmf-dist/tex/latex/graphics/trig.sty
Package: trig 2016/01/03 v1.10 sin cos tan (DPC)
)
(/usr/local/texlive/2017/texmf-dist/tex/latex/graphics-cfg/graphics.cfg
File: graphics.cfg 2016/06/04 v1.11 sample graphics configuration
)
Package graphics Info: Driver file: pdftex.def on input line 99.

(/usr/local/texlive/2017/texmf-dist/tex/latex/graphics-def/pdftex.def
File: pdftex.def 2017/01/12 v0.06k Graphics/color for pdfTeX

(/usr/local/texlive/2017/texmf-dist/tex/generic/oberdiek/infwarerr.sty
Package: infwarerr 2016/05/16 v1.4 Providing info/warning/error messages (HO)
)
(/usr/local/texlive/2017/texmf-dist/tex/generic/oberdiek/ltxcmds.sty
Package: ltxcmds 2016/05/16 v1.23 LaTeX kernel commands for general use (HO)
)
\Gread@gobject=\count89
))
\Gin@req@height=\dimen103
\Gin@req@width=\dimen104
)
(/usr/local/texlive/2017/texmf-dist/tex/latex/base/makeidx.sty
Package: makeidx 2014/09/29 v1.0m Standard LaTeX package
)
(/usr/local/texlive/2017/texmf-dist/tex/latex/hyperref/hyperref.sty
Package: hyperref 2017/03/14 v6.85a Hypertext links for LaTeX

(/usr/local/texlive/2017/texmf-dist/tex/generic/oberdiek/hobsub-hyperref.sty
Package: hobsub-hyperref 2016/05/16 v1.14 Bundle oberdiek, subset hyperref (HO)


(/usr/local/texlive/2017/texmf-dist/tex/generic/oberdiek/hobsub-generic.sty
Package: hobsub-generic 2016/05/16 v1.14 Bundle oberdiek, subset generic (HO)
Package: hobsub 2016/05/16 v1.14 Construct package bundles (HO)
Package hobsub Info: Skipping package `infwarerr' (already loaded).
Package hobsub Info: Skipping package `ltxcmds' (already loaded).
Package: ifluatex 2016/05/16 v1.4 Provides the ifluatex switch (HO)
Package ifluatex Info: LuaTeX not detected.
Package: ifvtex 2016/05/16 v1.6 Detect VTeX and its facilities (HO)
Package ifvtex Info: VTeX not detected.
Package: intcalc 2016/05/16 v1.2 Expandable calculations with integers (HO)
Package: ifpdf 2017/03/15 v3.2 Provides the ifpdf switch
Package: etexcmds 2016/05/16 v1.6 Avoid name clashes with e-TeX commands (HO)
Package etexcmds Info: Could not find \expanded.
(etexcmds)             That can mean that you are not using pdfTeX 1.50 or
(etexcmds)             that some package has redefined \expanded.
(etexcmds)             In the latter case, load this package earlier.
Package: kvsetkeys 2016/05/16 v1.17 Key value parser (HO)
Package: kvdefinekeys 2016/05/16 v1.4 Define keys (HO)
Package: pdftexcmds 2017/03/19 v0.25 Utility functions of pdfTeX for LuaTeX (HO
)
Package pdftexcmds Info: LuaTeX not detected.
Package pdftexcmds Info: \pdf@primitive is available.
Package pdftexcmds Info: \pdf@ifprimitive is available.
Package pdftexcmds Info: \pdfdraftmode found.
Package: pdfescape 2016/05/16 v1.14 Implements pdfTeX's escape features (HO)
Package: bigintcalc 2016/05/16 v1.4 Expandable calculations on big integers (HO
)
Package: bitset 2016/05/16 v1.2 Handle bit-vector datatype (HO)
Package: uniquecounter 2016/05/16 v1.3 Provide unlimited unique counter (HO)
)
Package hobsub Info: Skipping package `hobsub' (already loaded).
Package: letltxmacro 2016/05/16 v1.5 Let assignment for LaTeX macros (HO)
Package: hopatch 2016/05/16 v1.3 Wrapper for package hooks (HO)
Package: xcolor-patch 2016/05/16 xcolor patch
Package: atveryend 2016/05/16 v1.9 Hooks at the very end of document (HO)
Package atveryend Info: \enddocument detected (standard20110627).
Package: atbegshi 2016/06/09 v1.18 At begin shipout hook (HO)
Package: refcount 2016/05/16 v3.5 Data extraction from label references (HO)
Package: hycolor 2016/05/16 v1.8 Color options for hyperref/bookmark (HO)
)
(/usr/local/texlive/2017/texmf-dist/tex/generic/ifxetex/ifxetex.sty
Package: ifxetex 2010/09/12 v0.6 Provides ifxetex conditional
)
(/usr/local/texlive/2017/texmf-dist/tex/latex/oberdiek/auxhook.sty
Package: auxhook 2016/05/16 v1.4 Hooks for auxiliary files (HO)
)
(/usr/local/texlive/2017/texmf-dist/tex/latex/oberdiek/kvoptions.sty
Package: kvoptions 2016/05/16 v3.12 Key value format for package options (HO)
)
\@linkdim=\dimen105
\Hy@linkcounter=\count90
\Hy@pagecounter=\count91

(/usr/local/texlive/2017/texmf-dist/tex/latex/hyperref/pd1enc.def
File: pd1enc.def 2017/03/14 v6.85a Hyperref: PDFDocEncoding definition (HO)
)
\Hy@SavedSpaceFactor=\count92

(/usr/local/texlive/2017/texmf-dist/tex/latex/latexconfig/hyperref.cfg
File: hyperref.cfg 2002/06/06 v1.2 hyperref configuration of TeXLive
)
Package hyperref Info: Option `colorlinks' set `false' on input line 4374.
Package hyperref Info: Hyper figures OFF on input line 4498.
Package hyperref Info: Link nesting OFF on input line 4503.
Package hyperref Info: Hyper index ON on input line 4506.
Package hyperref Info: Plain pages OFF on input line 4513.
Package hyperref Info: Backreferencing OFF on input line 4518.
Package hyperref Info: Implicit mode ON; LaTeX internals redefined.
Package hyperref Info: Bookmarks ON on input line 4751.
\c@Hy@tempcnt=\count93

(/usr/local/texlive/2017/texmf-dist/tex/latex/url/url.sty
\Urlmuskip=\muskip10
Package: url 2013/09/16  ver 3.4  Verb mode for urls, etc.
)
LaTeX Info: Redefining \url on input line 5104.
\XeTeXLinkMargin=\dimen106
\Fld@menulength=\count94
\Field@Width=\dimen107
\Fld@charsize=\dimen108
Package hyperref Info: Hyper figures OFF on input line 6358.
Package hyperref Info: Link nesting OFF on input line 6363.
Package hyperref Info: Hyper index ON on input line 6366.
Package hyperref Info: backreferencing OFF on input line 6373.
Package hyperref Info: Link coloring OFF on input line 6378.
Package hyperref Info: Link coloring with OCG OFF on input line 6383.
Package hyperref Info: PDF/A mode OFF on input line 6388.
LaTeX Info: Redefining \ref on input line 6428.
LaTeX Info: Redefining \pageref on input line 6432.
\Hy@abspage=\count95
\c@Item=\count96
\c@Hfootnote=\count97
)

Package hyperref Message: Driver (autodetected): hpdftex.

(/usr/local/texlive/2017/texmf-dist/tex/latex/hyperref/hpdftex.def
File: hpdftex.def 2017/03/14 v6.85a Hyperref driver for pdfTeX
\Fld@listcount=\count98
\c@bookmark@seq@number=\count99

(/usr/local/texlive/2017/texmf-dist/tex/latex/oberdiek/rerunfilecheck.sty
Package: rerunfilecheck 2016/05/16 v1.8 Rerun checks for auxiliary files (HO)
Package uniquecounter Info: New unique counter `rerunfilecheck' on input line 2
82.
)
\Hy@SectionHShift=\skip56
)
(/usr/local/texlive/2017/texmf-dist/tex/latex/tocbibind/tocbibind.sty
Package: tocbibind 2010/10/13 v1.5k extra ToC listings
Package tocbibind Info: The document has chapter divisions on input line 50.


Package tocbibind Note: Using chapter style headings, unless overridden.

) (/usr/local/texlive/2017/texmf-dist/tex/latex/blindtext/blindtext.sty
Package: blindtext 2012/01/06 V2.0 blindtext-Package

(/usr/local/texlive/2017/texmf-dist/tex/latex/tools/xspace.sty
Package: xspace 2014/10/28 v1.13 Space after command names (DPC,MH)
)
\c@blindtext=\count100
\c@Blindtext=\count101
\c@blind@countparstart=\count102
\blind@countxx=\count103
\blindtext@numBlindtext=\count104
\blind@countyy=\count105
\c@blindlist=\count106
\c@blindlistlevel=\count107
\c@blindlist@level=\count108
\blind@listitem=\count109
\c@blind@listcount=\count110
\c@blind@levelcount=\count111
\blind@mathformula=\count112
\blind@Mathformula=\count113
\c@blind@randomcount=\count114
\c@blind@randommax=\count115
\c@blind@pangramcount=\count116
\c@blind@pangrammax=\count117
)
(/usr/local/texlive/2017/texmf-dist/tex/latex/subfigure/subfigure.sty
Package: subfigure 2002/03/15 v2.1.5 subfigure package
\subfigtopskip=\skip57
\subfigcapskip=\skip58
\subfigcaptopadj=\dimen109
\subfigbottomskip=\skip59
\subfigcapmargin=\dimen110
\subfiglabelskip=\skip60
\c@subfigure=\count118
\c@lofdepth=\count119
\c@subtable=\count120
\c@lotdepth=\count121

****************************************
* Local config file subfigure.cfg used *
****************************************
(/usr/local/texlive/2017/texmf-dist/tex/latex/subfigure/subfigure.cfg)
\subfig@top=\skip61
\subfig@bottom=\skip62
)
(/usr/local/texlive/2017/texmf-dist/tex/latex/acronym/acronym.sty
Package: acronym 2015/03/21 v1.41 Support for acronyms (Tobias Oetiker)

(/usr/local/texlive/2017/texmf-dist/tex/latex/bigfoot/suffix.sty
Package: suffix 2006/07/15 1.5a Variant command support
)
(/usr/local/texlive/2017/texmf-dist/tex/generic/xstring/xstring.sty
(/usr/local/texlive/2017/texmf-dist/tex/generic/xstring/xstring.tex
\@xs@message=\write3
\integerpart=\count122
\decimalpart=\count123
)
Package: xstring 2013/10/13  v1.7c  String manipulations (C Tellechea)
)
\AC@clearlist=\toks15
)
(/usr/local/texlive/2017/texmf-dist/tex/latex/amsmath/amsmath.sty
Package: amsmath 2016/11/05 v2.16a AMS math features
\@mathmargin=\skip63

For additional information on amsmath, use the `?' option.
(/usr/local/texlive/2017/texmf-dist/tex/latex/amsmath/amstext.sty
Package: amstext 2000/06/29 v2.01 AMS text

(/usr/local/texlive/2017/texmf-dist/tex/latex/amsmath/amsgen.sty
File: amsgen.sty 1999/11/30 v2.0 generic functions
\@emptytoks=\toks16
\ex@=\dimen111
))
(/usr/local/texlive/2017/texmf-dist/tex/latex/amsmath/amsbsy.sty
Package: amsbsy 1999/11/29 v1.2d Bold Symbols
\pmbraise@=\dimen112
)
(/usr/local/texlive/2017/texmf-dist/tex/latex/amsmath/amsopn.sty
Package: amsopn 2016/03/08 v2.02 operator names
)
\inf@bad=\count124
LaTeX Info: Redefining \frac on input line 213.
\uproot@=\count125
\leftroot@=\count126
LaTeX Info: Redefining \overline on input line 375.
\classnum@=\count127
\DOTSCASE@=\count128
LaTeX Info: Redefining \ldots on input line 472.
LaTeX Info: Redefining \dots on input line 475.
LaTeX Info: Redefining \cdots on input line 596.
\Mathstrutbox@=\box28
\strutbox@=\box29
\big@size=\dimen113
LaTeX Font Info:    Redeclaring font encoding OML on input line 712.
LaTeX Font Info:    Redeclaring font encoding OMS on input line 713.
\macc@depth=\count129
\c@MaxMatrixCols=\count130
\dotsspace@=\muskip11
\c@parentequation=\count131
\dspbrk@lvl=\count132
\tag@help=\toks17
\row@=\count133
\column@=\count134
\maxfields@=\count135
\andhelp@=\toks18
\eqnshift@=\dimen114
\alignsep@=\dimen115
\tagshift@=\dimen116
\tagwidth@=\dimen117
\totwidth@=\dimen118
\lineht@=\dimen119
\@envbody=\toks19
\multlinegap=\skip64
\multlinetaggap=\skip65
\mathdisplay@stack=\toks20
LaTeX Info: Redefining \[ on input line 2817.
LaTeX Info: Redefining \] on input line 2818.
)
(/usr/local/texlive/2017/texmf-dist/tex/latex/was/gensymb.sty
Package: gensymb 2003/07/02 v1.0 (WaS)
)
Package hyperref Info: Option `bookmarksnumbered' set `true' on input line 25.


Package hyperref Warning: Option `hyperindex' has already been used,
(hyperref)                setting the option has no effect on input line 25.

Package hyperref Info: Option `bookmarksopen' set `true' on input line 25.
(./Template.aux

LaTeX Warning: Label `fig:pic7' multiply defined.


LaTeX Warning: Label `fig:pic8' multiply defined.

)
\openout1 = `Template.aux'.

LaTeX Font Info:    Checking defaults for OML/cmm/m/it on input line 49.
LaTeX Font Info:    ... okay on input line 49.
LaTeX Font Info:    Checking defaults for T1/cmr/m/n on input line 49.
LaTeX Font Info:    ... okay on input line 49.
LaTeX Font Info:    Checking defaults for OT1/cmr/m/n on input line 49.
LaTeX Font Info:    ... okay on input line 49.
LaTeX Font Info:    Checking defaults for OMS/cmsy/m/n on input line 49.
LaTeX Font Info:    ... okay on input line 49.
LaTeX Font Info:    Checking defaults for OMX/cmex/m/n on input line 49.
LaTeX Font Info:    ... okay on input line 49.
LaTeX Font Info:    Checking defaults for U/cmr/m/n on input line 49.
LaTeX Font Info:    ... okay on input line 49.
LaTeX Font Info:    Checking defaults for PD1/pdf/m/n on input line 49.
LaTeX Font Info:    ... okay on input line 49.
 (/usr/local/texlive/2017/texmf-dist/tex/context/base/mkii/supp-pdf.mkii
[Loading MPS to PDF converter (version 2006.09.02).]
\scratchcounter=\count136
\scratchdimen=\dimen120
\scratchbox=\box30
\nofMPsegments=\count137
\nofMParguments=\count138
\everyMPshowfont=\toks21
\MPscratchCnt=\count139
\MPscratchDim=\dimen121
\MPnumerator=\count140
\makeMPintoPDFobject=\count141
\everyMPtoPDFconversion=\toks22
) (/usr/local/texlive/2017/texmf-dist/tex/latex/oberdiek/epstopdf-base.sty
Package: epstopdf-base 2016/05/15 v2.6 Base part for package epstopdf

(/usr/local/texlive/2017/texmf-dist/tex/latex/oberdiek/grfext.sty
Package: grfext 2016/05/16 v1.2 Manage graphics extensions (HO)
)
Package epstopdf-base Info: Redefining graphics rule for `.eps' on input line 4
38.
Package grfext Info: Graphics extension search list:
(grfext)             [.png,.pdf,.jpg,.mps,.jpeg,.jbig2,.jb2,.PNG,.PDF,.JPG,.JPE
G,.JBIG2,.JB2,.eps]
(grfext)             \AppendGraphicsExtensions on input line 456.

(/usr/local/texlive/2017/texmf-dist/tex/latex/latexconfig/epstopdf-sys.cfg
File: epstopdf-sys.cfg 2010/07/13 v1.3 Configuration of (r)epstopdf for TeX Liv
e
))
\AtBeginShipoutBox=\box31
Package hyperref Info: Link coloring OFF on input line 49.

(/usr/local/texlive/2017/texmf-dist/tex/latex/hyperref/nameref.sty
Package: nameref 2016/05/21 v2.44 Cross-referencing by name of section

(/usr/local/texlive/2017/texmf-dist/tex/generic/oberdiek/gettitlestring.sty
Package: gettitlestring 2016/05/16 v1.5 Cleanup title references (HO)
)
\c@section@level=\count142
)
LaTeX Info: Redefining \ref on input line 49.
LaTeX Info: Redefining \pageref on input line 49.
LaTeX Info: Redefining \nameref on input line 49.

(./Template.out) (./Template.out)
\@outlinefile=\write4
\openout4 = `Template.out'.

LaTeX Info: Redefining \celsius on input line 49.
Package gensymb Info: Faking symbols for \degree and \celsius on input line 49.



Package gensymb Warning: Not defining \perthousand.

LaTeX Info: Redefining \ohm on input line 49.
Package gensymb Info: Using \Omega for \ohm on input line 49.

Package gensymb Warning: Not defining \micro.

<TU_Chemnitz_positiv_gruen.pdf, id=148, 202.89903pt x 132.57831pt>
File: TU_Chemnitz_positiv_gruen.pdf Graphic file (type pdf)

<use TU_Chemnitz_positiv_gruen.pdf>
Package pdftex.def Info: TU_Chemnitz_positiv_gruen.pdf used on input line 62.
(pdftex.def)             Requested size: 304.3478pt x 198.86696pt.

Underfull \hbox (badness 10000) in paragraph at lines 83--88

 []

[1



{/usr/local/texlive/2017/texmf-var/fonts/map/pdftex/updmap/pdftex.map} <./TU_Ch
emnitz_positiv_gruen.pdf>]
Underfull \hbox (badness 10000) in paragraph at lines 96--99

 []

[2


] (./Template.toc [3


])
\tf@toc=\write5
\openout5 = `Template.toc'.

 [4] (./Template.lof)
\tf@lof=\write6
\openout6 = `Template.lof'.

 [5


] (./Template.lot)
\tf@lot=\write7
\openout7 = `Template.lot'.

 [6


]
chapter without number
[7




]
chapter 1.
[8



] [9]
chapter 2.

Underfull \hbox (badness 6236) in paragraph at lines 156--157
[]\OT1/cmr/m/n/12 Driver Gaze Zone Es-ti-
 []


Underfull \hbox (badness 1199) in paragraph at lines 161--161
[]\OT1/cmr/m/n/12 Gaze zone es-ti-ma-tion us-
 []


Underfull \hbox (badness 1009) in paragraph at lines 163--163
[]\OT1/cmr/m/n/12 Driver Gaze Re-gion Es-ti-
 []


Underfull \hbox (badness 2922) in paragraph at lines 166--166
[]\OT1/cmr/m/n/12 Head pose es-ti-ma-tion in
 []


Underfull \hbox (badness 3826) in paragraph at lines 166--166
\OT1/cmr/m/n/12 the wild us-ing Con-vo-lu-
 []


Underfull \hbox (badness 2591) in paragraph at lines 166--166
[]\OT1/cmr/m/n/12 Head pose es-ti-ma-tion as
 []

[10


]
chapter 3.
[11


] <image3.png, id=318, 593.71812pt x 302.12875pt>
File: image3.png Graphic file (type png)
 <use image3.png>
Package pdftex.def Info: image3.png used on input line 195.
(pdftex.def)             Requested size: 256.07744pt x 130.3139pt.

<image4.png, id=321, 628.84938pt x 420.57124pt>
File: image4.png Graphic file (type png)
 <use image4.png>
Package pdftex.def Info: image4.png used on input line 203.
(pdftex.def)             Requested size: 128.03871pt x 85.62726pt.

<image5.png, id=322, 622.325pt x 411.03563pt>
File: image5.png Graphic file (type png)
 <use image5.png>
Package pdftex.def Info: image5.png used on input line 204.
(pdftex.def)             Requested size: 128.03871pt x 84.56389pt.

<image6.png, id=323, 630.355pt x 421.07312pt>
File: image6.png Graphic file (type png)
 <use image6.png>
Package pdftex.def Info: image6.png used on input line 205.
(pdftex.def)             Requested size: 128.03871pt x 85.53026pt.


LaTeX Warning: `h' float specifier changed to `ht'.

[12 <./image3.png>] <image7.png, id=330, 413.545pt x 292.09125pt>
File: image7.png Graphic file (type png)

<use image7.png>
Package pdftex.def Info: image7.png used on input line 220.
(pdftex.def)             Requested size: 256.07744pt x 180.87184pt.
 [13 <./image4.png> <./image5.png> <./image6.png> <./image7.png>] <image1.png, 
id=347, 246.6816pt x 199.4652pt>
File: image1.png Graphic file (type png)
 <use image1.png>
Package pdftex.def Info: image1.png used on input line 248.
(pdftex.def)             Requested size: 256.07744pt x 207.08281pt.
 [14 <./image1.png>] [15]
LaTeX Font Info:    Try loading font information for OMS+cmr on input line 299.

 (/usr/local/texlive/2017/texmf-dist/tex/latex/base/omscmr.fd
File: omscmr.fd 2014/09/29 v2.5h Standard LaTeX font definitions
)
LaTeX Font Info:    Font shape `OMS/cmr/m/n' in size <12> not available
(Font)              Font shape `OMS/cmsy/m/n' tried instead on input line 299.

<image8.png, id=367, 513.92pt x 121.95563pt>
File: image8.png Graphic file (type png)
 <use image8.png>
Package pdftex.def Info: image8.png used on input line 310.
(pdftex.def)             Requested size: 426.7914pt x 101.2808pt.
 [16 <./image8.png>] [17]
chapter 4.
[18


] [19]
chapter 5.
<image10.jpg, id=396, 642.4pt x 481.8pt>
File: image10.jpg Graphic file (type jpg)
 <use image10.jpg>
Package pdftex.def Info: image10.jpg used on input line 360.
(pdftex.def)             Requested size: 209.13013pt x 156.8478pt.

<image9.jpg, id=397, 224.84pt x 224.84pt>
File: image9.jpg Graphic file (type jpg)
 <use image9.jpg>
Package pdftex.def Info: image9.jpg used on input line 361.
(pdftex.def)             Requested size: 157.91072pt x 157.91525pt.
Missing character: There is no â in font cmr12!
Missing character: There is no € in font cmr12!
Missing character: There is no ” in font cmr12!
 [20


 <./image10.jpg> <./image9.jpg>] <model_plot_DeepGaze.png, id=410, 528.97626pt 
x 1073.00874pt>
File: model_plot_DeepGaze.png Graphic file (type png)

<use model_plot_DeepGaze.png>
Package pdftex.def Info: model_plot_DeepGaze.png used on input line 406.
(pdftex.def)             Requested size: 140.84193pt x 285.68852pt.


LaTeX Warning: `h' float specifier changed to `ht'.

<model_plot_VGG.png, id=411, 454.69875pt x 517.935pt>
File: model_plot_VGG.png Graphic file (type png)
 <use model_plot_VGG.png>
Package pdftex.def Info: model_plot_VGG.png used on input line 413.
(pdftex.def)             Requested size: 213.39569pt x 243.07384pt.


LaTeX Warning: `h' float specifier changed to `ht'.

<model_plot_Resnet.png, id=412, 470.75874pt x 517.935pt>
File: model_plot_Resnet.png Graphic file (type png)

<use model_plot_Resnet.png>
Package pdftex.def Info: model_plot_Resnet.png used on input line 420.
(pdftex.def)             Requested size: 213.39569pt x 234.78354pt.


LaTeX Warning: `h' float specifier changed to `ht'.

<DeepGaze_No_Aug_Results.png, id=417, 482.80376pt x 346.29375pt>
File: DeepGaze_No_Aug_Results.png Graphic file (type png)

<use DeepGaze_No_Aug_Results.png>
Package pdftex.def Info: DeepGaze_No_Aug_Results.png used on input line 433.
(pdftex.def)             Requested size: 213.39569pt x 153.05663pt.

<DeepGaze_Aug_results.png, id=418, 482.80376pt x 346.29375pt>
File: DeepGaze_Aug_results.png Graphic file (type png)

<use DeepGaze_Aug_results.png>
Package pdftex.def Info: DeepGaze_Aug_results.png used on input line 434.
(pdftex.def)             Requested size: 213.39569pt x 153.05663pt.

<VGGNet_results.png, id=419, 482.80376pt x 346.29375pt>
File: VGGNet_results.png Graphic file (type png)

<use VGGNet_results.png>
Package pdftex.def Info: VGGNet_results.png used on input line 435.
(pdftex.def)             Requested size: 213.39569pt x 153.05663pt.

<ResNet_Results.png, id=420, 482.80376pt x 346.29375pt>
File: ResNet_Results.png Graphic file (type png)

<use ResNet_Results.png>
Package pdftex.def Info: ResNet_Results.png used on input line 436.
(pdftex.def)             Requested size: 213.39569pt x 153.05663pt.

Overfull \hbox (6.5277pt too wide) in paragraph at lines 433--437
[][] [][]
 []


Overfull \hbox (2.61107pt too wide) in paragraph at lines 433--437
[][] [][] 
 []

[21]

LaTeX Warning: `h' float specifier changed to `ht'.


Overfull \hbox (3.95555pt too wide) in paragraph at lines 442--443
\OT1/cmr/m/n/12 The train-ing and val-i-da-tion ac-cu-racy re-sults of the VGGN
et[[]] and ResNet [[]]models
 []

[22 <./model_plot_DeepGaze.png>] [23 <./model_plot_VGG.png> <./model_plot_Resne
t.png>] [24 <./DeepGaze_No_Aug_Results.png> <./DeepGaze_Aug_results.png> <./VGG
Net_results.png> <./ResNet_Results.png>]
chapter 6.
(./Template.bbl [25


]
Underfull \hbox (badness 10000) in paragraph at lines 19--21
[]\OT1/cmr/m/n/12 ICG - AFLW, []$\OT1/cmtt/m/n/12 https : / / www . tugraz . at
 / institute / icg / research /
 []


Underfull \hbox (badness 5231) in paragraph at lines 23--26
[]\OT1/cmr/m/n/12 The Im-pact of Driver Inat-ten-tion on Near-Crash/Crash Risk:
 An
 []


Underfull \hbox (badness 2717) in paragraph at lines 23--26
\OT1/cmr/m/n/12 Anal-y-sis Us-ing the 100-Car Nat-u-ral-is-tic Driv-ing Study D
ata. []$\OT1/cmtt/m/n/12 https :
 []


Underfull \hbox (badness 10000) in paragraph at lines 23--26
\OT1/cmtt/m/n/12 / / www . researchgate . net / publication / 242182089 _ The _
 Impact _ of _
 []


Underfull \hbox (badness 10000) in paragraph at lines 23--26
\OT1/cmtt/m/n/12 Driver _ Inattention _ on _ Near-[]CrashCrash _ Risk _ An _ An
alysis _ Using _
 []


Underfull \hbox (badness 10000) in paragraph at lines 53--58
[]\OT1/cmr/m/n/12 Krizhevsky, A., Sutskever, I., Hin-ton, G.E.: Im-a-geNet Clas
-si-
 []


Underfull \hbox (badness 10000) in paragraph at lines 53--58
\OT1/cmr/m/n/12 fi-ca-tion with Deep Con-vo-lu-tional Neu-ral Net-works. In: Pe
reira,
 []


Underfull \hbox (badness 10000) in paragraph at lines 53--58
\OT1/cmr/m/n/12 F., Burges, C.J.C., Bot-tou, L., Wein-berger, K.Q. (eds.) Ad-
 []


Underfull \hbox (badness 10000) in paragraph at lines 53--58
\OT1/cmr/m/n/12 vances in Neu-ral In-for-ma-tion Pro-cess-ing Sys-tems 25, pp. 
1097--
 []


Underfull \hbox (badness 3525) in paragraph at lines 53--58
\OT1/cmr/m/n/12 1105. Cur-ran As-so-ciates, Inc. (2012), []$\OT1/cmtt/m/n/12 ht
tp : / / papers . nips . cc / paper /
 []


Overfull \hbox (26.93634pt too wide) in paragraph at lines 53--58
\OT1/cmtt/m/n/12 4824-[]imagenet-[]classification-[]with-[]deep-[]convolutional
-[]neural-[]networks .
 []

[26


])
No file Template.ind.
Package atveryend Info: Empty hook `BeforeClearDocument' on input line 460.
[27]
Package atveryend Info: Empty hook `AfterLastShipout' on input line 460.
 (./Template.aux)
Package atveryend Info: Executing hook `AtVeryEndDocument' on input line 460.
Package atveryend Info: Executing hook `AtEndAfterFileList' on input line 460.
Package rerunfilecheck Info: File `Template.out' has not changed.
(rerunfilecheck)             Checksum: DB17CEEB6FCE19D817379656AA29EB29;2401.


LaTeX Warning: There were multiply-defined labels.

Package atveryend Info: Empty hook `AtVeryVeryEnd' on input line 460.
 ) 
Here is how much of TeX's memory you used:
 9100 strings out of 492995
 145057 string characters out of 6132704
 331230 words of memory out of 5000000
 12394 multiletter control sequences out of 15000+600000
 10920 words of font info for 39 fonts, out of 8000000 for 9000
 1141 hyphenation exceptions out of 8191
 48i,9n,69p,8819b,489s stack positions out of 5000i,500n,10000p,200000b,80000s
</usr/local/texlive/2017/texmf-dist/fonts/type1/public/amsfonts/cm/cmbx12.pfb
></usr/local/texlive/2017/texmf-dist/fonts/type1/public/amsfonts/cm/cmmi12.pfb>
</usr/local/texlive/2017/texmf-dist/fonts/type1/public/amsfonts/cm/cmmi8.pfb></
usr/local/texlive/2017/texmf-dist/fonts/type1/public/amsfonts/cm/cmr10.pfb></us
r/local/texlive/2017/texmf-dist/fonts/type1/public/amsfonts/cm/cmr12.pfb></usr/
local/texlive/2017/texmf-dist/fonts/type1/public/amsfonts/cm/cmr17.pfb></usr/lo
cal/texlive/2017/texmf-dist/fonts/type1/public/amsfonts/cm/cmr8.pfb></usr/local
/texlive/2017/texmf-dist/fonts/type1/public/amsfonts/cm/cmsl12.pfb></usr/local/
texlive/2017/texmf-dist/fonts/type1/public/amsfonts/cm/cmssbx10.pfb></usr/local
/texlive/2017/texmf-dist/fonts/type1/public/amsfonts/cm/cmsy10.pfb></usr/local/
texlive/2017/texmf-dist/fonts/type1/public/amsfonts/cm/cmsy8.pfb></usr/local/te
xlive/2017/texmf-dist/fonts/type1/public/amsfonts/cm/cmti12.pfb></usr/local/tex
live/2017/texmf-dist/fonts/type1/public/amsfonts/cm/cmtt12.pfb>
Output written on Template.pdf (27 pages, 802512 bytes).
PDF statistics:
 579 PDF objects out of 1000 (max. 8388607)
 500 compressed objects within 5 object streams
 135 named destinations out of 1000 (max. 500000)
 374 words of extra memory for PDF output out of 10000 (max. 10000000)

